2025-05-25T23:39:57.248Z [REFRESH_DETECTED] Page unload detected
2025-05-25T23:42:43.839Z [REFRESH_DETECTED] Page unload detected
2025-05-25T23:44:45.088Z [SAVE_START] Save operation starting
2025-05-25T23:44:45.089Z [SAVE_START] Starting to save overrides to JSON files
2025-05-25T23:44:45.156Z [SAVE_COMPLETE] Overrides saved successfully - Symbol: 200, Address: 200
2025-05-25T23:44:45.157Z [SAVE_COMPLETE] Save operation completed
2025-05-25T23:44:45.898Z [REFRESH_DETECTED] Page unload detected
2025-05-25T23:44:45.900Z [REFRESH_DETECTED] Page unload detected
2025-05-25T23:45:24.934Z [SAVE_START] Save operation starting
2025-05-25T23:45:24.935Z [SAVE_START] Starting to save overrides to JSON files
2025-05-25T23:45:24.987Z [SAVE_COMPLETE] Overrides saved successfully - Symbol: 200, Address: 200
2025-05-25T23:45:24.988Z [SAVE_COMPLETE] Save operation completed
2025-05-25T23:45:25.552Z [REFRESH_DETECTED] Page unload detected
2025-05-25T23:48:32.281Z [REFRESH_DETECTED] Page unload detected
2025-05-25T23:53:16.792Z [REFRESH_DETECTED] Page unload detected
2025-05-25T23:53:16.795Z [REFRESH_DETECTED] Page unload detected
2025-05-25T23:53:29.759Z [REFRESH_DETECTED] Page unload detected
2025-05-26T00:04:07.707Z [REFRESH_DETECTED] Page unload detected
2025-05-26T00:06:36.976Z [REFRESH_DETECTED] Page unload detected
2025-05-26T00:06:45.670Z [REFRESH_DETECTED] Page unload detected
2025-05-26T00:07:01.391Z [REFRESH_DETECTED] Page unload detected
2025-05-26T00:08:20.247Z [REFRESH_DETECTED] Page unload detected
2025-05-26T00:08:41.680Z [REFRESH_DETECTED] Page unload detected
2025-05-26T01:17:56.678Z [REFRESH_DETECTED] Page unload detected
2025-05-26T01:21:35.777Z [REFRESH_DETECTED] Page unload detected
2025-05-26T01:37:14.580Z [REFRESH_DETECTED] Page unload detected
2025-05-26T01:37:33.961Z [REFRESH_DETECTED] Page unload detected
2025-05-26T01:42:50.580Z [REFRESH_DETECTED] Page unload detected
2025-05-26T01:45:48.468Z [REFRESH_DETECTED] Page unload detected
2025-05-27T01:44:21.639Z [REFRESH_DETECTED] Page unload detected
2025-05-27T01:44:35.015Z [REFRESH_DETECTED] Page unload detected
2025-05-27T01:53:13.861Z [REFRESH_DETECTED] Page unload detected
